########### array before sorts ###########
0	2.500000	0.000000	75.500000	0.000000	n
1	78.000000	2.500000	78.000000	47.600000	n
2	75.600000	50.000000	2.500000	50.000000	n
3	0.000000	47.500000	0.000000	2.500000	n
4	78.000000	47.500000	77.914815	48.147048	n
5	77.914815	48.147048	77.665064	48.750000	n
6	77.665064	48.750000	77.267767	49.267767	n
7	77.267767	49.267767	76.750000	49.665064	n
8	76.750000	49.665064	76.147048	49.914815	n
9	76.147048	49.914815	75.500000	50.000000	n
10	2.500000	50.000000	1.852952	49.914815	n
11	1.852952	49.914815	1.250000	49.665064	n
12	1.250000	49.665064	0.732233	49.267767	n
13	0.732233	49.267767	0.334936	48.750000	n
14	0.334936	48.750000	0.085185	48.147048	n
15	0.085185	48.147048	0.000000	47.500000	n
16	0.000000	2.500000	0.085185	1.852952	n
17	0.085185	1.852952	0.334936	1.250000	n
18	0.334936	1.250000	0.732233	0.732233	n
19	0.732233	0.732233	1.250000	0.334936	n
20	1.250000	0.334936	1.852952	0.085185	n
21	1.852952	0.085185	2.500000	0.000000	n
22	75.500000	0.000000	76.147048	0.085185	n
23	76.147048	0.085185	76.750000	0.334936	n
24	76.750000	0.334936	77.267767	0.732233	n
25	77.267767	0.732233	77.665064	1.250000	n
26	77.665064	1.250000	77.914815	1.852952	n
27	77.914815	1.852952	78.000000	2.500000	n
Tolerance=0.050000.
*Exact match for i=0 and j=22.
*i point 2.500000	0.000000	75.500000	0.000000	y
*Exact match for i=1 and j=23.
*i point 75.500000	0.000000	76.147048	0.085185	y
*Exact match for i=2 and j=24.
*i point 76.147048	0.085185	76.750000	0.334936	y
*Exact match for i=3 and j=25.
*i point 76.750000	0.334936	77.267767	0.732233	y
*Exact match for i=4 and j=26.
*i point 77.267767	0.732233	77.665064	1.250000	y
*Exact match for i=5 and j=27.
*i point 77.665064	1.250000	77.914815	1.852952	y
*Exact match for i=6 and j=22.
*i point 77.914815	1.852952	78.000000	2.500000	y
No match for i=7.
########### array after sorts ###########
0	2.500000	0.000000	75.500000	0.000000	y
1	75.500000	0.000000	76.147048	0.085185	y
2	76.147048	0.085185	76.750000	0.334936	y
3	76.750000	0.334936	77.267767	0.732233	y
4	77.267767	0.732233	77.665064	1.250000	y
5	77.665064	1.250000	77.914815	1.852952	y
6	77.914815	1.852952	78.000000	2.500000	y
7	78.000000	2.500000	78.000000	47.600000	y
8	76.750000	49.665064	76.147048	49.914815	n
9	76.147048	49.914815	75.500000	50.000000	n
10	2.500000	50.000000	1.852952	49.914815	n
11	1.852952	49.914815	1.250000	49.665064	n
12	1.250000	49.665064	0.732233	49.267767	n
13	0.732233	49.267767	0.334936	48.750000	n
14	0.334936	48.750000	0.085185	48.147048	n
15	0.085185	48.147048	0.000000	47.500000	n
16	0.000000	2.500000	0.085185	1.852952	n
17	0.085185	1.852952	0.334936	1.250000	n
18	0.334936	1.250000	0.732233	0.732233	n
19	0.732233	0.732233	1.250000	0.334936	n
20	1.250000	0.334936	1.852952	0.085185	n
21	1.852952	0.085185	2.500000	0.000000	n
22	77.267767	49.267767	76.750000	49.665064	n
23	75.600000	50.000000	2.500000	50.000000	n
24	0.000000	47.500000	0.000000	2.500000	n
25	78.000000	47.500000	77.914815	48.147048	n
26	77.914815	48.147048	77.665064	48.750000	n
27	77.665064	48.750000	77.267767	49.267767	n
***************
DISPLAY -20 113;LAYER ?? -113;LAYER 113 IDFDebug;SET COLOR_LAYER 113 red;CIRCLE (78.000000 47.600000) (80.000000 47.600000);change width 0.01;
SET Wire_Bend 2;
WIRE ( 2.500000 0.000000) (75.500000 0.000000);WIRE ( 75.500000 0.000000) (76.147048 0.085185);WIRE ( 76.147048 0.085185) (76.750000 0.334936);WIRE ( 76.750000 0.334936) (77.267767 0.732233);WIRE ( 77.267767 0.732233) (77.665064 1.250000);WIRE ( 77.665064 1.250000) (77.914815 1.852952);WIRE ( 77.914815 1.852952) (78.000000 2.500000);WIRE ( 78.000000 2.500000) (78.000000 47.600000);DISPLAY NONE;DISPLAY 20 113;WINDOW FIT;***************
.BOARD_OUTLINE UNOWNED
1.6
0     2.500000     0.000000     0
0     75.500000     0.000000     0
0     76.147048     0.085185     0
0     76.750000     0.334936     0
0     77.267767     0.732233     0
0     77.665064     1.250000     0
0     77.914815     1.852952     0
0     78.000000     2.500000     0
